Software/Control/Android/Moonstalker/app/build/intermediates/manifest_merge_blame_file/debug/manifest-merger-blame-debug-report.txt
1<?xml version="1.0" encoding="utf-8"?>
2<manifest xmlns:android="http://schemas.android.com/apk/res/android"
3    package="si.vajnartech.moonstalker"
4    android:versionCode="1"
5    android:versionName="1.0" >
6
7    <uses-sdk
8        android:minSdkVersion="19"
8-->src/main/AndroidManifest.xml
9        android:targetSdkVersion="28" />
9-->src/main/AndroidManifest.xml
10
11    <uses-permission android:name="android.permission.ACCESS_COARSE_LOCATION" />
11-->src/main/AndroidManifest.xml:5:3-79
11-->src/main/AndroidManifest.xml:5:20-76
12    <uses-permission android:name="android.permission.BLUETOOTH" />
12-->src/main/AndroidManifest.xml:6:3-66
12-->src/main/AndroidManifest.xml:6:20-63
13    <uses-permission android:name="android.permission.BLUETOOTH_ADMIN" />
13-->src/main/AndroidManifest.xml:8:3-72
13-->src/main/AndroidManifest.xml:8:20-69
14    <uses-permission android:name="android.permission.INTERNET" />
14-->src/main/AndroidManifest.xml:9:3-65
14-->src/main/AndroidManifest.xml:9:20-62
15
16    <application
16-->src/main/AndroidManifest.xml:11:3-28:17
17        android:allowBackup="true"
17-->src/main/AndroidManifest.xml:12:5-31
18        android:appComponentFactory="androidx.core.app.CoreComponentFactory"
18-->[androidx.core:core:1.1.0] AndroidManifest.xml:24:18-86
19        android:debuggable="true"
20        android:icon="@mipmap/ic_launcher"
20-->src/main/AndroidManifest.xml:13:5-39
21        android:label="@string/app_name"
21-->src/main/AndroidManifest.xml:14:5-37
22        android:roundIcon="@mipmap/ic_launcher_round"
22-->src/main/AndroidManifest.xml:15:5-50
23        android:supportsRtl="true"
23-->src/main/AndroidManifest.xml:16:5-31
24        android:theme="@style/AppTheme" >
24-->src/main/AndroidManifest.xml:17:5-36
25        <activity
25-->src/main/AndroidManifest.xml:18:5-27:16
26            android:name="si.vajnartech.moonstalker.MainActivity"
26-->src/main/AndroidManifest.xml:19:7-35
27            android:label="@string/app_name"
27-->src/main/AndroidManifest.xml:20:7-39
28            android:theme="@style/AppTheme.NoActionBar" >
28-->src/main/AndroidManifest.xml:21:7-50
29            <intent-filter>
29-->src/main/AndroidManifest.xml:22:7-26:23
30                <action android:name="android.intent.action.MAIN" />
30-->src/main/AndroidManifest.xml:23:9-61
30-->src/main/AndroidManifest.xml:23:17-58
31
32                <category android:name="android.intent.category.LAUNCHER" />
32-->src/main/AndroidManifest.xml:25:9-69
32-->src/main/AndroidManifest.xml:25:19-66
33            </intent-filter>
34        </activity>
35    </application>
36
37</manifest>